MinFS 2021/08/25 14:34:09 fs.go:138: Mounting target....
MinFS 2021/08/25 14:34:09 fs.go:244: MinFS stopped cleanly.
MinFS 2021/08/25 14:34:30 fs.go:138: Mounting target....
MinFS 2021/08/25 14:34:30 fs.go:244: MinFS stopped cleanly.
MinFS 2021/08/25 14:41:31 fs.go:137: Mounting target....
MinFS 2021/08/25 14:41:31 fs.go:157: Opening cache database...
MinFS 2021/08/25 14:41:31 fs.go:243: MinFS stopped cleanly.
MinFS 2021/08/25 15:09:20 fs.go:137: Mounting target....
MinFS 2021/08/25 15:09:20 fs.go:157: Opening cache database...
MinFS 2021/08/25 15:09:20 fs.go:164: Initializing cache database...
MinFS 2021/08/25 15:09:20 fs.go:172: Initializing minio client...
MinFS 2021/08/25 15:09:20 fs.go:243: MinFS stopped cleanly.
MinFS 2021/08/25 15:11:19 fs.go:137: Mounting target....
MinFS 2021/08/25 15:11:19 fs.go:157: Opening cache database...
MinFS 2021/08/25 15:11:19 fs.go:164: Initializing cache database...
MinFS 2021/08/25 15:11:19 fs.go:172: Initializing minio client...
MinFS 2021/08/25 15:11:19 fs.go:243: MinFS stopped cleanly.
MinFS 2021/08/25 15:12:14 fs.go:137: Mounting target....
MinFS 2021/08/25 15:12:14 fs.go:157: Opening cache database...
MinFS 2021/08/25 15:12:14 fs.go:164: Initializing cache database...
MinFS 2021/08/25 15:12:14 fs.go:172: Initializing minio client...
MinFS 2021/08/25 15:12:14 fs.go:243: MinFS stopped cleanly.
MinFS 2021/08/25 15:12:20 fs.go:137: Mounting target....
MinFS 2021/08/25 15:12:20 fs.go:157: Opening cache database...
MinFS 2021/08/25 15:12:20 fs.go:164: Initializing cache database...
MinFS 2021/08/25 15:12:20 fs.go:172: Initializing minio client...
MinFS 2021/08/25 15:12:20 fs.go:230: Serving... Have fun!
MinFS 2021/08/25 15:13:16 fs.go:137: Mounting target....
MinFS 2021/08/25 15:13:16 fs.go:157: Opening cache database...
MinFS 2021/08/25 15:13:16 fs.go:164: Initializing cache database...
MinFS 2021/08/25 15:13:16 fs.go:172: Initializing minio client...
MinFS 2021/08/25 15:13:16 fs.go:230: Serving... Have fun!
MinFS 2021/08/25 15:17:11 fs.go:136: Mounting target....
MinFS 2021/08/25 15:17:11 fs.go:156: Opening cache database...
MinFS 2021/08/25 15:17:11 fs.go:163: Initializing cache database...
MinFS 2021/08/25 15:17:11 fs.go:171: Initializing minio client...
MinFS 2021/08/25 15:17:11 fs.go:229: Serving... Have fun!
MinFS 2021/08/25 15:23:38 fs.go:134: Mounting target....
MinFS 2021/08/25 15:23:38 fs.go:242: MinFS stopped cleanly.
MinFS 2021/08/25 15:23:47 fs.go:134: Mounting target....
MinFS 2021/08/25 15:23:47 fs.go:154: Opening cache database...
MinFS 2021/08/25 15:23:47 fs.go:161: Initializing cache database...
MinFS 2021/08/25 15:23:47 fs.go:169: Initializing minio client...
MinFS 2021/08/25 15:23:47 fs.go:213: Created api client!: %#v &{0xc000240120 0xc00021e120 0 { } false 0xc00021a360 0xc000212180 false false <nil>   0xc00021a3c0 0 0x8a2aa0 0x8a2b60}
MinFS 2021/08/25 15:23:47 fs.go:229: Serving... Have fun!
MinFS 2021/08/25 15:35:39 fs.go:134: Mounting target....
MinFS 2021/08/25 15:35:39 fs.go:240: MinFS stopped cleanly.
MinFS 2021/08/25 15:35:45 fs.go:134: Mounting target....
MinFS 2021/08/25 15:35:45 fs.go:154: Opening cache database...
MinFS 2021/08/25 15:35:45 fs.go:161: Initializing cache database...
MinFS 2021/08/25 15:35:45 fs.go:169: Initializing minio client...
MinFS 2021/08/25 15:35:45 fs.go:227: Serving... Have fun!
MinFS 2021/08/25 15:43:18 fs.go:134: Mounting target....
MinFS 2021/08/25 15:43:18 fs.go:154: Opening cache database...
MinFS 2021/08/25 15:43:18 fs.go:161: Initializing cache database...
MinFS 2021/08/25 15:43:18 fs.go:169: Initializing minio client...
MinFS 2021/08/25 15:43:18 fs.go:227: Serving... Have fun!
MinFS 2021/08/25 15:44:48 fs.go:134: Mounting target....
MinFS 2021/08/25 15:44:48 fs.go:154: Opening cache database...
MinFS 2021/08/25 15:44:48 fs.go:161: Initializing cache database...
MinFS 2021/08/25 15:44:48 fs.go:169: Initializing minio client...
MinFS 2021/08/25 15:44:48 fs.go:227: Serving... Have fun!
MinFS 2021/08/25 15:44:50 fs.go:240: MinFS stopped cleanly.
MinFS 2021/08/25 15:44:50 fs.go:240: MinFS stopped cleanly.
MinFS 2021/08/25 15:46:44 fs.go:134: Mounting target....
MinFS 2021/08/25 15:46:44 fs.go:154: Opening cache database...
MinFS 2021/08/25 15:46:44 fs.go:161: Initializing cache database...
MinFS 2021/08/25 15:46:44 fs.go:169: Initializing minio client...
MinFS 2021/08/25 15:46:44 fs.go:227: Serving... Have fun!
MinFS 2021/08/25 15:46:46 fs.go:240: MinFS stopped cleanly.
MinFS 2021/08/25 15:46:46 fs.go:240: MinFS stopped cleanly.
MinFS 2021/08/25 15:56:24 fs.go:134: Mounting target....
MinFS 2021/08/25 15:56:24 fs.go:154: Opening cache database...
MinFS 2021/08/25 15:56:24 fs.go:161: Initializing cache database...
MinFS 2021/08/25 15:56:24 fs.go:169: Initializing minio client...
MinFS 2021/08/25 15:56:24 fs.go:227: Serving... Have fun!
MinFS 2021/08/25 15:58:14 fs.go:240: MinFS stopped cleanly.
MinFS 2021/08/25 15:58:14 fs.go:240: MinFS stopped cleanly.
MinFS 2021/08/25 15:59:25 fs.go:134: Mounting target....
MinFS 2021/08/25 15:59:25 fs.go:154: Opening cache database...
MinFS 2021/08/25 15:59:25 fs.go:161: Initializing cache database...
MinFS 2021/08/25 15:59:25 fs.go:169: Initializing minio client...
MinFS 2021/08/25 15:59:25 fs.go:227: Serving... Have fun!
MinFS 2021/08/25 16:05:10 fs.go:240: MinFS stopped cleanly.
MinFS 2021/08/25 16:05:10 fs.go:240: MinFS stopped cleanly.
MinFS 2021/08/25 16:05:24 fs.go:134: Mounting target....
MinFS 2021/08/25 16:05:24 fs.go:154: Opening cache database...
MinFS 2021/08/25 16:05:24 fs.go:161: Initializing cache database...
MinFS 2021/08/25 16:05:24 fs.go:169: Initializing minio client...
MinFS 2021/08/25 16:05:24 fs.go:227: Serving... Have fun!
MinFS 2021/08/25 16:06:06 fs.go:240: MinFS stopped cleanly.
MinFS 2021/08/25 16:07:15 fs.go:134: Mounting target....
MinFS 2021/08/25 16:07:15 fs.go:154: Opening cache database...
MinFS 2021/08/25 16:07:15 fs.go:161: Initializing cache database...
MinFS 2021/08/25 16:07:15 fs.go:169: Initializing minio client...
MinFS 2021/08/25 16:07:15 fs.go:227: Serving... Have fun!
MinFS 2021/08/25 16:08:05 fs.go:240: MinFS stopped cleanly.
MinFS 2021/08/25 16:08:05 fs.go:240: MinFS stopped cleanly.
MinFS 2021/08/25 16:09:43 fs.go:134: Mounting target....
MinFS 2021/08/25 16:09:43 fs.go:154: Opening cache database...
MinFS 2021/08/25 16:09:43 fs.go:161: Initializing cache database...
MinFS 2021/08/25 16:09:43 fs.go:169: Initializing minio client...
MinFS 2021/08/25 16:09:43 fs.go:227: Serving... Have fun!
MinFS 2021/08/25 16:12:35 fs.go:134: Mounting target....
MinFS 2021/08/25 16:12:35 fs.go:240: MinFS stopped cleanly.
MinFS 2021/08/25 16:12:35 fs.go:240: MinFS stopped cleanly.
MinFS 2021/08/25 16:12:46 fs.go:134: Mounting target....
MinFS 2021/08/25 16:12:46 fs.go:154: Opening cache database...
MinFS 2021/08/25 16:12:46 fs.go:161: Initializing cache database...
MinFS 2021/08/25 16:12:46 fs.go:169: Initializing minio client...
MinFS 2021/08/25 16:12:46 fs.go:227: Serving... Have fun!
MinFS 2021/08/25 16:14:38 fs.go:240: MinFS stopped cleanly.
MinFS 2021/08/25 16:14:38 fs.go:240: MinFS stopped cleanly.
MinFS 2021/08/25 16:14:45 fs.go:134: Mounting target....
MinFS 2021/08/25 16:14:45 fs.go:154: Opening cache database...
MinFS 2021/08/25 16:14:45 fs.go:161: Initializing cache database...
MinFS 2021/08/25 16:14:45 fs.go:169: Initializing minio client...
MinFS 2021/08/25 16:14:45 fs.go:227: Serving... Have fun!
MinFS 2021/08/25 16:17:19 fs.go:240: MinFS stopped cleanly.
MinFS 2021/08/25 16:17:19 fs.go:240: MinFS stopped cleanly.
MinFS 2021/08/25 16:17:53 fs.go:134: Mounting target....
MinFS 2021/08/25 16:17:53 fs.go:154: Opening cache database...
MinFS 2021/08/25 16:17:53 fs.go:161: Initializing cache database...
MinFS 2021/08/25 16:17:53 fs.go:169: Initializing minio client...
MinFS 2021/08/25 16:17:53 fs.go:227: Serving... Have fun!
MinFS 2021/08/25 16:21:58 fs.go:240: MinFS stopped cleanly.
MinFS 2021/08/25 16:21:58 fs.go:240: MinFS stopped cleanly.
MinFS 2021/08/25 16:22:04 fs.go:134: Mounting target....
MinFS 2021/08/25 16:22:04 fs.go:154: Opening cache database...
MinFS 2021/08/25 16:22:04 fs.go:161: Initializing cache database...
MinFS 2021/08/25 16:22:04 fs.go:169: Initializing minio client...
MinFS 2021/08/25 16:22:04 fs.go:227: Serving... Have fun!
MinFS 2021/08/25 16:23:05 fs.go:240: MinFS stopped cleanly.
MinFS 2021/08/25 16:23:05 fs.go:240: MinFS stopped cleanly.
MinFS 2021/08/25 16:23:08 fs.go:134: Mounting target....
MinFS 2021/08/25 16:23:08 fs.go:154: Opening cache database...
MinFS 2021/08/25 16:23:08 fs.go:161: Initializing cache database...
MinFS 2021/08/25 16:23:08 fs.go:169: Initializing minio client...
MinFS 2021/08/25 16:23:08 fs.go:227: Serving... Have fun!
MinFS 2021/08/25 16:29:17 fs.go:240: MinFS stopped cleanly.
MinFS 2021/08/25 16:29:17 fs.go:240: MinFS stopped cleanly.
MinFS 2021/08/25 16:30:02 fs.go:134: Mounting target....
MinFS 2021/08/25 16:30:02 fs.go:154: Opening cache database...
MinFS 2021/08/25 16:30:02 fs.go:161: Initializing cache database...
MinFS 2021/08/25 16:30:02 fs.go:169: Initializing minio client...
MinFS 2021/08/25 16:30:02 fs.go:227: Serving... Have fun!
MinFS 2021/08/25 16:43:57 fs.go:240: MinFS stopped cleanly.
MinFS 2021/08/25 16:43:57 fs.go:240: MinFS stopped cleanly.
MinFS 2021/08/25 16:44:10 fs.go:134: Mounting target....
MinFS 2021/08/25 16:44:10 fs.go:154: Opening cache database...
MinFS 2021/08/25 16:44:10 fs.go:161: Initializing cache database...
MinFS 2021/08/25 16:44:10 fs.go:169: Initializing minio client...
MinFS 2021/08/25 16:44:10 fs.go:227: Serving... Have fun!
MinFS 2021/08/25 16:46:21 fs.go:134: Mounting target....
MinFS 2021/08/25 16:46:21 fs.go:154: Opening cache database...
MinFS 2021/08/25 16:46:21 fs.go:161: Initializing cache database...
MinFS 2021/08/25 16:46:21 fs.go:169: Initializing minio client...
MinFS 2021/08/25 16:46:21 fs.go:227: Serving... Have fun!
MinFS 2021/08/25 16:46:43 fs.go:240: MinFS stopped cleanly.
MinFS 2021/08/25 16:46:43 fs.go:240: MinFS stopped cleanly.
MinFS 2021/08/25 16:47:20 fs.go:134: Mounting target....
MinFS 2021/08/25 16:47:20 fs.go:154: Opening cache database...
MinFS 2021/08/25 16:47:20 fs.go:161: Initializing cache database...
MinFS 2021/08/25 16:47:20 fs.go:169: Initializing minio client...
MinFS 2021/08/25 16:47:20 fs.go:227: Serving... Have fun!
MinFS 2021/08/25 16:55:23 fs.go:240: MinFS stopped cleanly.
MinFS 2021/08/25 16:55:23 fs.go:240: MinFS stopped cleanly.
MinFS 2021/08/25 16:56:10 fs.go:134: Mounting target....
MinFS 2021/08/25 16:56:10 fs.go:154: Opening cache database...
MinFS 2021/08/25 16:56:10 fs.go:161: Initializing cache database...
MinFS 2021/08/25 16:56:10 fs.go:169: Initializing minio client...
MinFS 2021/08/25 16:56:10 fs.go:227: Serving... Have fun!
MinFS 2021/08/25 16:58:50 fs.go:240: MinFS stopped cleanly.
MinFS 2021/08/25 16:58:50 fs.go:240: MinFS stopped cleanly.
MinFS 2021/08/25 16:58:53 fs.go:134: Mounting target....
MinFS 2021/08/25 16:58:53 fs.go:154: Opening cache database...
MinFS 2021/08/25 16:58:53 fs.go:161: Initializing cache database...
MinFS 2021/08/25 16:58:53 fs.go:169: Initializing minio client...
MinFS 2021/08/25 16:58:53 fs.go:227: Serving... Have fun!
MinFS 2021/08/25 17:03:08 fs.go:240: MinFS stopped cleanly.
MinFS 2021/08/25 17:03:08 fs.go:240: MinFS stopped cleanly.
MinFS 2021/08/25 17:03:14 fs.go:134: Mounting target....
MinFS 2021/08/25 17:03:14 fs.go:154: Opening cache database...
MinFS 2021/08/25 17:03:14 fs.go:161: Initializing cache database...
MinFS 2021/08/25 17:03:14 fs.go:169: Initializing minio client...
MinFS 2021/08/25 17:03:14 fs.go:227: Serving... Have fun!
MinFS 2021/08/25 17:05:52 fs.go:240: MinFS stopped cleanly.
MinFS 2021/08/25 17:05:52 fs.go:240: MinFS stopped cleanly.
MinFS 2021/08/25 17:06:09 fs.go:134: Mounting target....
MinFS 2021/08/25 17:06:09 fs.go:154: Opening cache database...
MinFS 2021/08/25 17:06:09 fs.go:161: Initializing cache database...
MinFS 2021/08/25 17:06:09 fs.go:169: Initializing minio client...
MinFS 2021/08/25 17:06:09 fs.go:227: Serving... Have fun!
MinFS 2021/08/25 17:09:29 fs.go:240: MinFS stopped cleanly.
MinFS 2021/08/25 17:09:29 fs.go:240: MinFS stopped cleanly.
MinFS 2021/08/25 17:09:49 fs.go:134: Mounting target....
MinFS 2021/08/25 17:09:49 fs.go:154: Opening cache database...
MinFS 2021/08/25 17:09:49 fs.go:161: Initializing cache database...
MinFS 2021/08/25 17:09:49 fs.go:169: Initializing minio client...
MinFS 2021/08/25 17:09:49 fs.go:227: Serving... Have fun!
MinFS 2021/08/25 17:13:15 fs.go:240: MinFS stopped cleanly.
MinFS 2021/08/25 17:13:15 fs.go:240: MinFS stopped cleanly.
MinFS 2021/08/25 17:23:32 fs.go:134: Mounting target....
MinFS 2021/08/25 17:23:32 fs.go:154: Opening cache database...
MinFS 2021/08/25 17:23:32 fs.go:161: Initializing cache database...
MinFS 2021/08/25 17:23:32 fs.go:169: Initializing minio client...
MinFS 2021/08/25 17:23:32 fs.go:227: Serving... Have fun!
MinFS 2021/08/25 17:26:38 fs.go:240: MinFS stopped cleanly.
MinFS 2021/08/25 17:26:57 fs.go:134: Mounting target....
MinFS 2021/08/25 17:26:57 fs.go:154: Opening cache database...
MinFS 2021/08/25 17:26:57 fs.go:161: Initializing cache database...
MinFS 2021/08/25 17:26:57 fs.go:169: Initializing minio client...
MinFS 2021/08/25 17:26:57 fs.go:227: Serving... Have fun!
MinFS 2021/08/25 17:27:30 fs.go:240: MinFS stopped cleanly.
MinFS 2021/08/25 17:27:30 fs.go:240: MinFS stopped cleanly.
MinFS 2021/08/25 17:27:40 fs.go:134: Mounting target....
MinFS 2021/08/25 17:27:40 fs.go:154: Opening cache database...
MinFS 2021/08/25 17:27:40 fs.go:161: Initializing cache database...
MinFS 2021/08/25 17:27:40 fs.go:169: Initializing minio client...
MinFS 2021/08/25 17:27:41 fs.go:227: Serving... Have fun!
MinFS 2021/08/25 17:29:56 fs.go:240: MinFS stopped cleanly.
MinFS 2021/08/25 17:29:56 fs.go:240: MinFS stopped cleanly.
MinFS 2021/08/25 17:30:07 fs.go:134: Mounting target....
MinFS 2021/08/25 17:30:07 fs.go:154: Opening cache database...
MinFS 2021/08/25 17:30:07 fs.go:161: Initializing cache database...
MinFS 2021/08/25 17:30:07 fs.go:169: Initializing minio client...
MinFS 2021/08/25 17:30:07 fs.go:227: Serving... Have fun!
MinFS 2021/08/25 17:36:04 fs.go:134: Mounting target....
MinFS 2021/08/25 17:36:04 fs.go:240: MinFS stopped cleanly.
MinFS 2021/08/25 17:36:04 fs.go:240: MinFS stopped cleanly.
MinFS 2021/08/25 17:36:13 fs.go:134: Mounting target....
MinFS 2021/08/25 17:36:13 fs.go:154: Opening cache database...
MinFS 2021/08/25 17:36:13 fs.go:161: Initializing cache database...
MinFS 2021/08/25 17:36:13 fs.go:169: Initializing minio client...
MinFS 2021/08/25 17:36:13 fs.go:227: Serving... Have fun!
MinFS 2021/08/25 17:39:22 fs.go:134: Mounting target....
MinFS 2021/08/25 17:39:22 fs.go:240: MinFS stopped cleanly.
MinFS 2021/08/25 17:39:22 fs.go:240: MinFS stopped cleanly.
MinFS 2021/08/25 17:39:29 fs.go:134: Mounting target....
MinFS 2021/08/25 17:39:29 fs.go:154: Opening cache database...
MinFS 2021/08/25 17:39:29 fs.go:161: Initializing cache database...
MinFS 2021/08/25 17:39:29 fs.go:169: Initializing minio client...
MinFS 2021/08/25 17:39:29 fs.go:227: Serving... Have fun!
MinFS 2021/08/25 17:42:00 fs.go:134: Mounting target....
MinFS 2021/08/25 17:42:00 fs.go:240: MinFS stopped cleanly.
MinFS 2021/08/25 17:42:00 fs.go:240: MinFS stopped cleanly.
MinFS 2021/08/25 17:42:10 fs.go:134: Mounting target....
MinFS 2021/08/25 17:42:10 fs.go:154: Opening cache database...
MinFS 2021/08/25 17:42:10 fs.go:161: Initializing cache database...
MinFS 2021/08/25 17:42:10 fs.go:169: Initializing minio client...
MinFS 2021/08/25 17:42:10 fs.go:227: Serving... Have fun!
MinFS 2021/08/25 17:44:33 fs.go:240: MinFS stopped cleanly.
MinFS 2021/08/25 17:44:33 fs.go:240: MinFS stopped cleanly.
MinFS 2021/08/25 17:50:40 fs.go:134: Mounting target....
MinFS 2021/08/25 17:50:40 fs.go:154: Opening cache database...
MinFS 2021/08/25 17:50:40 fs.go:161: Initializing cache database...
MinFS 2021/08/25 17:50:40 fs.go:169: Initializing minio client...
MinFS 2021/08/25 17:50:41 fs.go:227: Serving... Have fun!
MinFS 2021/08/25 18:06:05 fs.go:240: MinFS stopped cleanly.
MinFS 2021/08/25 18:06:05 fs.go:240: MinFS stopped cleanly.
MinFS 2021/08/25 18:06:10 fs.go:134: Mounting target....
MinFS 2021/08/25 18:06:10 fs.go:154: Opening cache database...
MinFS 2021/08/25 18:06:10 fs.go:161: Initializing cache database...
MinFS 2021/08/25 18:06:10 fs.go:169: Initializing minio client...
MinFS 2021/08/25 18:06:10 fs.go:227: Serving... Have fun!
MinFS 2021/08/25 18:08:08 fs.go:240: MinFS stopped cleanly.
MinFS 2021/08/25 18:08:08 fs.go:240: MinFS stopped cleanly.
MinFS 2021/08/25 18:08:12 fs.go:134: Mounting target....
MinFS 2021/08/25 18:08:12 fs.go:154: Opening cache database...
MinFS 2021/08/25 18:08:12 fs.go:161: Initializing cache database...
MinFS 2021/08/25 18:08:12 fs.go:169: Initializing minio client...
MinFS 2021/08/25 18:08:12 fs.go:227: Serving... Have fun!
MinFS 2021/08/25 18:09:36 fs.go:240: MinFS stopped cleanly.
MinFS 2021/08/25 18:09:36 fs.go:240: MinFS stopped cleanly.
MinFS 2021/08/25 18:10:11 fs.go:134: Mounting target....
MinFS 2021/08/25 18:10:11 fs.go:154: Opening cache database...
MinFS 2021/08/25 18:10:11 fs.go:161: Initializing cache database...
MinFS 2021/08/25 18:10:11 fs.go:169: Initializing minio client...
MinFS 2021/08/25 18:10:11 fs.go:227: Serving... Have fun!
MinFS 2021/08/25 18:10:19 fs.go:240: MinFS stopped cleanly.
MinFS 2021/08/25 18:10:19 fs.go:240: MinFS stopped cleanly.
MinFS 2021/08/25 18:10:39 fs.go:134: Mounting target....
MinFS 2021/08/25 18:10:39 fs.go:154: Opening cache database...
MinFS 2021/08/25 18:10:39 fs.go:161: Initializing cache database...
MinFS 2021/08/25 18:10:39 fs.go:169: Initializing minio client...
MinFS 2021/08/25 18:10:39 fs.go:227: Serving... Have fun!
MinFS 2021/08/25 18:19:33 fs.go:134: Mounting target....
MinFS 2021/08/25 18:19:33 fs.go:240: MinFS stopped cleanly.
MinFS 2021/08/25 18:19:33 fs.go:240: MinFS stopped cleanly.
MinFS 2021/08/25 18:19:52 fs.go:134: Mounting target....
MinFS 2021/08/25 18:19:52 fs.go:154: Opening cache database...
MinFS 2021/08/25 18:19:52 fs.go:161: Initializing cache database...
MinFS 2021/08/25 18:19:52 fs.go:169: Initializing minio client...
MinFS 2021/08/25 18:19:52 fs.go:227: Serving... Have fun!
MinFS 2021/08/25 18:21:02 fs.go:240: MinFS stopped cleanly.
MinFS 2021/08/25 18:21:02 fs.go:240: MinFS stopped cleanly.
MinFS 2021/08/26 11:29:35 fs.go:134: Mounting target....
MinFS 2021/08/26 11:29:35 fs.go:154: Opening cache database...
MinFS 2021/08/26 11:29:35 fs.go:161: Initializing cache database...
MinFS 2021/08/26 11:29:35 fs.go:169: Initializing minio client...
MinFS 2021/08/26 11:29:35 fs.go:227: Serving... Have fun!
MinFS 2021/08/26 11:34:10 fs.go:240: MinFS stopped cleanly.
MinFS 2021/08/26 11:34:10 fs.go:240: MinFS stopped cleanly.
MinFS 2021/08/26 11:36:52 fs.go:134: Mounting target....
MinFS 2021/08/26 11:36:52 fs.go:154: Opening cache database...
MinFS 2021/08/26 11:36:52 fs.go:161: Initializing cache database...
MinFS 2021/08/26 11:36:52 fs.go:169: Initializing minio client...
MinFS 2021/08/26 11:36:52 fs.go:227: Serving... Have fun!
MinFS 2021/08/26 11:39:06 fs.go:240: MinFS stopped cleanly.
MinFS 2021/08/26 11:39:06 fs.go:240: MinFS stopped cleanly.
MinFS 2021/08/26 11:46:31 fs.go:134: Mounting target....
MinFS 2021/08/26 11:46:31 fs.go:154: Opening cache database...
MinFS 2021/08/26 11:46:31 fs.go:161: Initializing cache database...
MinFS 2021/08/26 11:46:31 fs.go:169: Initializing minio client...
MinFS 2021/08/26 11:46:31 fs.go:227: Serving... Have fun!
MinFS 2021/08/26 11:47:36 fs.go:240: MinFS stopped cleanly.
MinFS 2021/08/26 11:47:36 fs.go:240: MinFS stopped cleanly.
MinFS 2021/08/26 11:47:38 fs.go:134: Mounting target....
MinFS 2021/08/26 11:47:38 fs.go:154: Opening cache database...
MinFS 2021/08/26 11:47:38 fs.go:161: Initializing cache database...
MinFS 2021/08/26 11:47:38 fs.go:169: Initializing minio client...
MinFS 2021/08/26 11:47:38 fs.go:227: Serving... Have fun!
MinFS 2021/08/26 11:48:10 fs.go:240: MinFS stopped cleanly.
MinFS 2021/08/26 11:48:10 fs.go:240: MinFS stopped cleanly.
MinFS 2021/08/26 12:52:52 fs.go:134: Mounting target....
MinFS 2021/08/26 12:52:52 fs.go:154: Opening cache database...
MinFS 2021/08/26 12:52:52 fs.go:161: Initializing cache database...
MinFS 2021/08/26 12:52:52 fs.go:169: Initializing minio client...
MinFS 2021/08/26 12:52:52 fs.go:240: MinFS stopped cleanly.
MinFS 2021/08/26 14:14:19 fs.go:134: Mounting target....
MinFS 2021/08/26 14:14:19 fs.go:154: Opening cache database...
MinFS 2021/08/26 14:14:19 fs.go:161: Initializing cache database...
MinFS 2021/08/26 14:14:19 fs.go:169: Initializing minio client...
MinFS 2021/08/26 14:14:19 fs.go:240: MinFS stopped cleanly.
MinFS 2021/08/26 14:14:35 fs.go:134: Mounting target....
MinFS 2021/08/26 14:14:35 fs.go:154: Opening cache database...
MinFS 2021/08/26 14:14:35 fs.go:161: Initializing cache database...
MinFS 2021/08/26 14:14:35 fs.go:169: Initializing minio client...
MinFS 2021/08/26 14:14:35 fs.go:240: MinFS stopped cleanly.
MinFS 2021/08/26 14:15:31 fs.go:134: Mounting target....
MinFS 2021/08/26 14:15:31 fs.go:154: Opening cache database...
MinFS 2021/08/26 14:15:31 fs.go:161: Initializing cache database...
MinFS 2021/08/26 14:15:31 fs.go:169: Initializing minio client...
MinFS 2021/08/26 14:15:31 fs.go:240: MinFS stopped cleanly.
MinFS 2021/08/26 14:16:58 fs.go:134: Mounting target....
MinFS 2021/08/26 14:16:58 fs.go:154: Opening cache database...
MinFS 2021/08/26 14:16:58 fs.go:161: Initializing cache database...
MinFS 2021/08/26 14:16:58 fs.go:169: Initializing minio client...
MinFS 2021/08/26 14:16:58 fs.go:227: Serving... Have fun!
MinFS 2021/08/26 14:17:11 fs.go:240: MinFS stopped cleanly.
MinFS 2021/08/26 14:17:11 fs.go:240: MinFS stopped cleanly.
MinFS 2021/08/26 14:17:15 fs.go:134: Mounting target....
MinFS 2021/08/26 14:17:15 fs.go:154: Opening cache database...
MinFS 2021/08/26 14:17:15 fs.go:161: Initializing cache database...
MinFS 2021/08/26 14:17:15 fs.go:169: Initializing minio client...
MinFS 2021/08/26 14:17:15 fs.go:227: Serving... Have fun!
MinFS 2021/08/26 14:17:32 fs.go:240: MinFS stopped cleanly.
MinFS 2021/08/26 14:17:32 fs.go:240: MinFS stopped cleanly.
MinFS 2021/08/26 14:21:03 fs.go:134: Mounting target....
MinFS 2021/08/26 14:21:03 fs.go:154: Opening cache database...
MinFS 2021/08/26 14:21:03 fs.go:161: Initializing cache database...
MinFS 2021/08/26 14:21:03 fs.go:169: Initializing minio client...
MinFS 2021/08/26 14:21:03 fs.go:227: Serving... Have fun!
MinFS 2021/08/26 14:37:15 fs.go:240: MinFS stopped cleanly.
MinFS 2021/08/26 14:37:15 fs.go:240: MinFS stopped cleanly.
MinFS 2021/08/26 14:37:17 fs.go:134: Mounting target....
MinFS 2021/08/26 14:37:17 fs.go:154: Opening cache database...
MinFS 2021/08/26 14:37:17 fs.go:161: Initializing cache database...
MinFS 2021/08/26 14:37:17 fs.go:169: Initializing minio client...
MinFS 2021/08/26 14:37:17 fs.go:227: Serving... Have fun!
MinFS 2021/08/26 14:40:14 fs.go:240: MinFS stopped cleanly.
MinFS 2021/08/26 14:40:14 fs.go:240: MinFS stopped cleanly.
MinFS 2021/08/26 14:40:20 fs.go:134: Mounting target....
MinFS 2021/08/26 14:40:20 fs.go:154: Opening cache database...
MinFS 2021/08/26 14:40:20 fs.go:161: Initializing cache database...
MinFS 2021/08/26 14:40:20 fs.go:169: Initializing minio client...
MinFS 2021/08/26 14:40:20 fs.go:227: Serving... Have fun!
MinFS 2021/08/26 14:43:47 fs.go:240: MinFS stopped cleanly.
MinFS 2021/08/26 14:43:47 fs.go:240: MinFS stopped cleanly.
MinFS 2021/08/26 15:08:36 fs.go:134: Mounting target....
MinFS 2021/08/26 15:08:36 fs.go:154: Opening cache database...
MinFS 2021/08/26 15:08:36 fs.go:161: Initializing cache database...
MinFS 2021/08/26 15:08:36 fs.go:169: Initializing minio client...
MinFS 2021/08/26 15:08:36 fs.go:227: Serving... Have fun!
MinFS 2021/08/26 15:24:36 fs.go:240: MinFS stopped cleanly.
MinFS 2021/08/26 15:24:36 fs.go:240: MinFS stopped cleanly.
MinFS 2021/08/26 15:24:42 fs.go:134: Mounting target....
MinFS 2021/08/26 15:24:42 fs.go:154: Opening cache database...
MinFS 2021/08/26 15:24:42 fs.go:161: Initializing cache database...
MinFS 2021/08/26 15:24:42 fs.go:169: Initializing minio client...
MinFS 2021/08/26 15:24:42 fs.go:227: Serving... Have fun!
MinFS 2021/08/26 15:25:37 fs.go:294: Upload finished: db/343034313837383939 -> 990364.svs.
MinFS 2021/08/26 15:25:48 fs.go:294: Upload finished: db/383533383733313832 -> 991962.svs.
MinFS 2021/08/26 15:25:48 fs.go:294: Upload finished: db/303638363134333733 -> 992086.svs.
MinFS 2021/08/26 15:25:48 fs.go:294: Upload finished: db/373931333231333434 -> 992090.svs.
MinFS 2021/08/26 15:25:49 fs.go:294: Upload finished: db/313933363233313335 -> 993133.svs.
MinFS 2021/08/26 15:25:52 fs.go:294: Upload finished: db/373230333030303832 -> 993134.svs.
MinFS 2021/08/26 15:25:55 fs.go:294: Upload finished: db/353831333831363039 -> 993137.svs.
MinFS 2021/08/26 15:26:00 fs.go:294: Upload finished: db/333835333539343132 -> 993141.svs.
MinFS 2021/08/26 15:26:04 fs.go:294: Upload finished: db/393038343037383131 -> 993149.svs.
MinFS 2021/08/26 15:26:08 fs.go:294: Upload finished: db/383134313135373138 -> 993158.svs.
MinFS 2021/08/26 15:26:14 fs.go:294: Upload finished: db/313731343739383533 -> 996164.svs.
MinFS 2021/08/26 15:26:20 fs.go:294: Upload finished: db/383734363238373736 -> 996168.svs.
MinFS 2021/08/26 15:26:28 fs.go:294: Upload finished: db/353536373838313939 -> 996171.svs.
MinFS 2021/08/26 15:26:41 fs.go:294: Upload finished: db/303431383738353534 -> 996176.svs.
MinFS 2021/08/26 15:26:48 fs.go:294: Upload finished: db/383033333231353231 -> 996189.svs.
MinFS 2021/08/26 15:26:54 fs.go:294: Upload finished: db/323639333834323834 -> 996198.svs.
MinFS 2021/08/26 15:27:02 fs.go:294: Upload finished: db/383433303630323335 -> 996201.svs.
MinFS 2021/08/26 15:27:11 fs.go:294: Upload finished: db/313836393435353138 -> 996223.svs.
MinFS 2021/08/26 15:31:49 fs.go:240: MinFS stopped cleanly.
MinFS 2021/08/26 15:31:49 fs.go:240: MinFS stopped cleanly.
MinFS 2021/08/26 15:31:55 fs.go:134: Mounting target....
MinFS 2021/08/26 15:31:55 fs.go:154: Opening cache database...
MinFS 2021/08/26 15:31:55 fs.go:161: Initializing cache database...
MinFS 2021/08/26 15:31:55 fs.go:169: Initializing minio client...
MinFS 2021/08/26 15:31:55 fs.go:227: Serving... Have fun!
MinFS 2021/08/26 15:40:59 fs.go:240: MinFS stopped cleanly.
MinFS 2021/08/26 15:40:59 fs.go:240: MinFS stopped cleanly.
MinFS 2021/08/26 15:41:26 fs.go:134: Mounting target....
MinFS 2021/08/26 15:41:26 fs.go:154: Opening cache database...
MinFS 2021/08/26 15:41:26 fs.go:161: Initializing cache database...
MinFS 2021/08/26 15:41:26 fs.go:169: Initializing minio client...
MinFS 2021/08/26 15:41:26 fs.go:227: Serving... Have fun!
MinFS 2021/08/26 15:43:09 fs.go:240: MinFS stopped cleanly.
MinFS 2021/08/26 15:43:09 fs.go:240: MinFS stopped cleanly.
MinFS 2021/08/26 15:43:11 fs.go:134: Mounting target....
MinFS 2021/08/26 15:43:11 fs.go:154: Opening cache database...
MinFS 2021/08/26 15:43:11 fs.go:161: Initializing cache database...
MinFS 2021/08/26 15:43:11 fs.go:169: Initializing minio client...
MinFS 2021/08/26 15:43:11 fs.go:227: Serving... Have fun!
MinFS 2021/08/26 15:44:37 fs.go:240: MinFS stopped cleanly.
MinFS 2021/08/26 15:44:37 fs.go:240: MinFS stopped cleanly.
MinFS 2021/08/27 11:06:08 fs.go:134: Mounting target....
MinFS 2021/08/27 11:06:08 fs.go:154: Opening cache database...
MinFS 2021/08/27 11:06:08 fs.go:161: Initializing cache database...
MinFS 2021/08/27 11:06:08 fs.go:169: Initializing minio client...
MinFS 2021/08/27 11:06:08 fs.go:240: MinFS stopped cleanly.
MinFS 2021/08/27 11:07:29 fs.go:134: Mounting target....
MinFS 2021/08/27 11:07:29 fs.go:154: Opening cache database...
MinFS 2021/08/27 11:07:29 fs.go:161: Initializing cache database...
MinFS 2021/08/27 11:07:29 fs.go:169: Initializing minio client...
MinFS 2021/08/27 11:07:29 fs.go:240: MinFS stopped cleanly.
MinFS 2021/08/27 11:07:42 fs.go:134: Mounting target....
MinFS 2021/08/27 11:07:42 fs.go:154: Opening cache database...
MinFS 2021/08/27 11:07:42 fs.go:161: Initializing cache database...
MinFS 2021/08/27 11:07:42 fs.go:169: Initializing minio client...
MinFS 2021/08/27 11:07:42 fs.go:227: Serving... Have fun!
MinFS 2021/08/27 11:07:51 fs.go:240: MinFS stopped cleanly.
MinFS 2021/08/27 11:07:51 fs.go:240: MinFS stopped cleanly.
